<?xml version="1.0" encoding="UTF-8"?>
<!-- Generated by org.testng.reporters.JUnitReportReporter -->
<testsuite hostname="Cecill-NB" failures="0" tests="4" name="mobi.test.MobiLoginTest" time="168.180" errors="0" timestamp="2025-01-30T15:03:24 SAST" skipped="0">
  <testcase classname="mobi.test.MobiLoginTest" name="AngriAPKMobiLogin" time="14.296"/>
  <system-out/>
  <testcase classname="mobi.test.MobiLoginTest" name="ScoutingAddBaitTrap" time="0.004"/>
  <system-out/>
  <testcase classname="mobi.test.MobiLoginTest" name="ScoutingAddFruitCare" time="0.006"/>
  <system-out/>
  <testcase classname="mobi.test.MobiLoginTest" name="ScoutingInfestations" time="153.874"/>
  <system-out/>
</testsuite> <!-- mobi.test.MobiLoginTest -->
