<?xml version="1.0" encoding="UTF-8"?>
<!-- Generated by org.testng.reporters.JUnitReportReporter -->
<testsuite hostname="Cecill-NB" failures="0" tests="5" name="mobi.test.MobiScoutingTest" time="218.482" errors="0" timestamp="2025-02-05T09:41:30 SAST" skipped="0">
  <testcase classname="mobi.test.MobiScoutingTest" name="AngriAPKMobiLogin" time="13.968"/>
  <system-out/>
  <testcase classname="mobi.test.MobiScoutingTest" name="ScoutingAddBaitTrap" time="0.001"/>
  <system-out/>
  <testcase classname="mobi.test.MobiScoutingTest" name="ScoutingAddFruitCare" time="0.003"/>
  <system-out/>
  <testcase classname="mobi.test.MobiScoutingTest" name="ScoutingInfestations" time="0.003"/>
  <system-out/>
  <testcase classname="mobi.test.MobiScoutingTest" name="ScoutingIrrigation" time="204.507"/>
  <system-out/>
</testsuite> <!-- mobi.test.MobiScoutingTest -->
